Using pre-set license
Built from '2020.3/staging' branch; Version is '2020.3.8f1 (507919d4fff5) revision 5273881'; Using compiler version '192528614'; Build Type 'Release'
OS: 'Windows 10 Home; OS build 19042.985; Version 2009; 64bit' Language: 'ru' Physical Memory: 20428 MB
BatchMode: 1, IsHumanControllingUs: 0, StartBugReporterOnCrash: 0, Is64bit: 1, IsPro: 0

 COMMAND LINE ARGUMENTS:
C:\Program Files\Unity\Hub\Editor\2020.3.8f1\Editor\Unity.exe
-adb2
-batchMode
-noUpm
-name
AssetImportWorker0
-projectPath
C:/Users/karam/OneDrive/Рабочий стол/DZ BazoviSkripting №2
-logFile
Logs/AssetImportWorker0.log
-srvPort
52653
Successfully changed project path to: C:/Users/karam/OneDrive/Рабочий стол/DZ BazoviSkripting №2
C:/Users/karam/OneDrive/Рабочий стол/DZ BazoviSkripting №2
Using Asset Import Pipeline V2.
Refreshing native plugins compatible for Editor in 38.69 ms, found 1 plugins.
Preloading 0 native plugins for Editor in 0.00 ms.
Initialize engine version: 2020.3.8f1 (507919d4fff5)
[Subsystems] Discovering subsystems at path C:/Program Files/Unity/Hub/Editor/2020.3.8f1/Editor/Data/Resources/UnitySubsystems
[Subsystems] Discovering subsystems at path C:/Users/karam/OneDrive/Рабочий стол/DZ BazoviSkripting №2/Assets
GfxDevice: creating device client; threaded=0
Direct3D:
    Version:  Direct3D 11.0 [level 11.0]
    Renderer: AMD Radeon HD 7500 Series (ID=0x675d)
    Vendor:   
    VRAM:     1008 MB
    Driver:   15.201.1151.1008
Initialize mono
Mono path[0] = 'C:/Program Files/Unity/Hub/Editor/2020.3.8f1/Editor/Data/Managed'
Mono path[1] = 'C:/Program Files/Unity/Hub/Editor/2020.3.8f1/Editor/Data/MonoBleedingEdge/lib/mono/unityjit'
Mono config path = 'C:/Program Files/Unity/Hub/Editor/2020.3.8f1/Editor/Data/MonoBleedingEdge/etc'
Using monoOptions --debugger-agent=transport=dt_socket,embedding=1,server=y,suspend=n,address=127.0.0.1:56292
Begin MonoManager ReloadAssembly
Registering precompiled unity dll's ...
Register platform support module: C:/Program Files/Unity/Hub/Editor/2020.3.8f1/Editor/Data/PlaybackEngines/WindowsStandaloneSupport/UnityEditor.WindowsStandalone.Extensions.dll
Registered in 0.002442 seconds.
Native extension for WindowsStandalone target not found
Refreshing native plugins compatible for Editor in 38.28 ms, found 1 plugins.
Preloading 0 native plugins for Editor in 0.00 ms.
Mono: successfully reloaded assembly
- Completed reload, in  1.192 seconds
Platform modules already initialized, skipping
Registering precompiled user dll's ...
Registered in 0.001082 seconds.
Begin MonoManager ReloadAssembly
Native extension for WindowsStandalone target not found
Refreshing native plugins compatible for Editor in 37.71 ms, found 1 plugins.
Preloading 0 native plugins for Editor in 0.00 ms.
Mono: successfully reloaded assembly
- Completed reload, in  0.987 seconds
Platform modules already initialized, skipping
========================================================================
Worker process is ready to serve import requests
Launched and connected shader compiler UnityShaderCompiler.exe after 0.04 seconds
Refreshing native plugins compatible for Editor in 0.43 ms, found 1 plugins.
Preloading 0 native plugins for Editor in 0.00 ms.
Unloading 1810 Unused Serialized files (Serialized files now loaded: 0)
System memory in use before: 85.0 MB.
System memory in use after: 84.9 MB.

Unloading 24 unused Assets to reduce memory usage. Loaded Objects now: 2253.
Total: 2.072600 ms (FindLiveObjects: 0.181100 ms CreateObjectMapping: 0.044400 ms MarkObjects: 1.718000 ms  DeleteObjects: 0.127900 ms)

========================================================================
Received Import Request.
  path: Assets/Scripts/SpawnEnemies.cs
  artifactKey: Guid(6e5656715d60d8541ab0e19ea460a830) Importer(815301076,1909f56bfc062723c751e8b465ee728b)
Start importing Assets/Scripts/SpawnEnemies.cs using Guid(6e5656715d60d8541ab0e19ea460a830) Importer(815301076,1909f56bfc062723c751e8b465ee728b)  -> (artifact id: 'd845a13c140b65915fe850cb25e6b8df') in 0.025699 seconds
  Import took 0.028856 seconds .

========================================================================
Received Prepare
Registering precompiled user dll's ...
Registered in 0.001178 seconds.
Begin MonoManager ReloadAssembly
Native extension for WindowsStandalone target not found
Refreshing native plugins compatible for Editor in 0.37 ms, found 1 plugins.
Preloading 0 native plugins for Editor in 0.00 ms.
Mono: successfully reloaded assembly
- Completed reload, in  0.934 seconds
Platform modules already initialized, skipping
Refreshing native plugins compatible for Editor in 0.39 ms, found 1 plugins.
Preloading 0 native plugins for Editor in 0.00 ms.
Unloading 1805 Unused Serialized files (Serialized files now loaded: 0)
System memory in use before: 84.9 MB.
System memory in use after: 84.9 MB.

Unloading 12 unused Assets to reduce memory usage. Loaded Objects now: 2257.
Total: 2.049200 ms (FindLiveObjects: 0.184200 ms CreateObjectMapping: 0.044500 ms MarkObjects: 1.710400 ms  DeleteObjects: 0.108800 ms)

========================================================================
Received Import Request.
  Time since last request: 96.158228 seconds.
  path: Assets/Scripts/SpawnEnemies.cs
  artifactKey: Guid(6e5656715d60d8541ab0e19ea460a830) Importer(815301076,1909f56bfc062723c751e8b465ee728b)
Start importing Assets/Scripts/SpawnEnemies.cs using Guid(6e5656715d60d8541ab0e19ea460a830) Importer(815301076,1909f56bfc062723c751e8b465ee728b)  -> (artifact id: 'fb9d18586b426f6773dfefbb96f22c5a') in 0.005276 seconds
  Import took 0.008614 seconds .

========================================================================
Received Import Request.
  Time since last request: 3.255527 seconds.
  path: Assets/Scripts/EnemyMovment.cs
  artifactKey: Guid(c2978a53b78209845b2c473ba6d34e33) Importer(815301076,1909f56bfc062723c751e8b465ee728b)
Start importing Assets/Scripts/EnemyMovment.cs using Guid(c2978a53b78209845b2c473ba6d34e33) Importer(815301076,1909f56bfc062723c751e8b465ee728b)  -> (artifact id: '3086d6a5c3f637ba61a083a28054d390') in 0.007124 seconds
  Import took 0.010190 seconds .

========================================================================
Received Import Request.
  Time since last request: 0.025515 seconds.
  path: Assets/Scripts/EnemyMovment.cs
  artifactKey: Guid(c2978a53b78209845b2c473ba6d34e33) Importer(815301076,1909f56bfc062723c751e8b465ee728b)
Start importing Assets/Scripts/EnemyMovment.cs using Guid(c2978a53b78209845b2c473ba6d34e33) Importer(815301076,1909f56bfc062723c751e8b465ee728b)  -> (artifact id: '3086d6a5c3f637ba61a083a28054d390') in 0.002762 seconds
  Import took 0.005757 seconds .

========================================================================
Received Prepare
Registering precompiled user dll's ...
Registered in 0.001099 seconds.
Begin MonoManager ReloadAssembly
Native extension for WindowsStandalone target not found
Refreshing native plugins compatible for Editor in 0.36 ms, found 1 plugins.
Preloading 0 native plugins for Editor in 0.00 ms.
Mono: successfully reloaded assembly
- Completed reload, in  0.897 seconds
Platform modules already initialized, skipping
Refreshing native plugins compatible for Editor in 0.40 ms, found 1 plugins.
Preloading 0 native plugins for Editor in 0.00 ms.
Unloading 1805 Unused Serialized files (Serialized files now loaded: 0)
System memory in use before: 85.0 MB.
System memory in use after: 85.0 MB.

Unloading 12 unused Assets to reduce memory usage. Loaded Objects now: 2261.
Total: 2.077400 ms (FindLiveObjects: 0.203900 ms CreateObjectMapping: 0.044400 ms MarkObjects: 1.710800 ms  DeleteObjects: 0.116700 ms)

========================================================================
Received Import Request.
  Time since last request: 53.799622 seconds.
  path: Assets/Scripts/EnemyMovment.cs
  artifactKey: Guid(c2978a53b78209845b2c473ba6d34e33) Importer(815301076,1909f56bfc062723c751e8b465ee728b)
Start importing Assets/Scripts/EnemyMovment.cs using Guid(c2978a53b78209845b2c473ba6d34e33) Importer(815301076,1909f56bfc062723c751e8b465ee728b)  -> (artifact id: '8a31a4832addf77d7b7ace6b3f1fe925') in 0.005496 seconds
  Import took 0.008161 seconds .

========================================================================
Received Import Request.
  Time since last request: 24.424970 seconds.
  path: Assets/Prefabs/Spawner.prefab
  artifactKey: Guid(68b791e65857738489dd54525aaf2328) Importer(815301076,1909f56bfc062723c751e8b465ee728b)
Start importing Assets/Prefabs/Spawner.prefab using Guid(68b791e65857738489dd54525aaf2328) Importer(815301076,1909f56bfc062723c751e8b465ee728b)  -> (artifact id: 'a1208a8ab621037a7e325fe6d4e8edfb') in 0.032531 seconds
  Import took 0.036189 seconds .

========================================================================
Received Import Request.
  Time since last request: 7.491268 seconds.
  path: Assets/Prefabs/Spawner.prefab
  artifactKey: Guid(68b791e65857738489dd54525aaf2328) Importer(815301076,1909f56bfc062723c751e8b465ee728b)
Start importing Assets/Prefabs/Spawner.prefab using Guid(68b791e65857738489dd54525aaf2328) Importer(815301076,1909f56bfc062723c751e8b465ee728b)  -> (artifact id: '8633449acf924632e48253143cfb2832') in 0.006624 seconds
  Import took 0.009733 seconds .

========================================================================
Received Prepare
Registering precompiled user dll's ...
Registered in 0.001201 seconds.
Begin MonoManager ReloadAssembly
Native extension for WindowsStandalone target not found
Refreshing native plugins compatible for Editor in 0.38 ms, found 1 plugins.
Preloading 0 native plugins for Editor in 0.00 ms.
Mono: successfully reloaded assembly
- Completed reload, in  0.924 seconds
Platform modules already initialized, skipping
Refreshing native plugins compatible for Editor in 0.42 ms, found 1 plugins.
Preloading 0 native plugins for Editor in 0.00 ms.
Unloading 1805 Unused Serialized files (Serialized files now loaded: 0)
System memory in use before: 85.0 MB.
System memory in use after: 85.0 MB.

Unloading 12 unused Assets to reduce memory usage. Loaded Objects now: 2265.
Total: 2.143800 ms (FindLiveObjects: 0.204800 ms CreateObjectMapping: 0.044300 ms MarkObjects: 1.777400 ms  DeleteObjects: 0.112500 ms)

AssetImportWorkerClient::OnTransportError - code=2 error=End of file
